0 info it worked if it ends with ok
1 verbose cli [ 'C:\\Program Files\\nodejs\\\\node.exe',
1 verbose cli   'C:\\Program Files\\nodejs\\node_modules\\npm\\bin\\npm-cli.js',
1 verbose cli   'install',
1 verbose cli   '--save',
1 verbose cli   'rebass' ]
2 info using npm@2.10.1
3 info using node@v0.12.4
4 verbose install initial load of D:\Projects\ClockWise\clockwise-web\package.json
5 verbose installManyTop reading scoped package data from D:\Projects\ClockWise\clockwise-web\node_modules\mantra-core\package.json
6 verbose installManyTop reading scoped package data from D:\Projects\ClockWise\clockwise-web\node_modules\meteor-node-stubs\package.json
7 verbose installManyTop reading scoped package data from D:\Projects\ClockWise\clockwise-web\node_modules\react\package.json
8 verbose installManyTop reading scoped package data from D:\Projects\ClockWise\clockwise-web\node_modules\react-dom\package.json
9 verbose installManyTop reading scoped package data from D:\Projects\ClockWise\clockwise-web\node_modules\react-mounter\package.json
10 verbose readDependencies loading dependencies from D:\Projects\ClockWise\clockwise-web\package.json
11 silly cache add args [ 'rebass', null ]
12 verbose cache add spec rebass
13 silly cache add parsed spec { raw: 'rebass',
13 silly cache add   scope: null,
13 silly cache add   name: 'rebass',
13 silly cache add   rawSpec: '',
13 silly cache add   spec: '*',
13 silly cache add   type: 'range' }
14 silly addNamed rebass@*
15 verbose addNamed "*" is a valid semver range for rebass
16 silly addNameRange { name: 'rebass', range: '*', hasData: false }
17 silly mapToRegistry name rebass
18 silly mapToRegistry using default registry
19 silly mapToRegistry registry http://registry.npmjs.org/
20 silly mapToRegistry uri http://registry.npmjs.org/rebass
21 verbose addNameRange registry:http://registry.npmjs.org/rebass not in flight; fetching
22 verbose request uri http://registry.npmjs.org/rebass
23 verbose request no auth needed
24 info attempt registry request try #1 at 23:05:10
25 verbose request id 6f7eda4b0ffd09d8
26 verbose etag "COJVX3T9Q4P0YZO0A6GENYEMZ"
27 http request GET http://registry.npmjs.org/rebass
28 http 304 http://registry.npmjs.org/rebass
29 silly get cb [ 304,
29 silly get   { date: 'Mon, 11 Apr 2016 21:05:06 GMT',
29 silly get     via: '1.1 varnish',
29 silly get     'cache-control': 'max-age=300',
29 silly get     etag: '"COJVX3T9Q4P0YZO0A6GENYEMZ"',
29 silly get     age: '0',
29 silly get     connection: 'keep-alive',
29 silly get     'x-served-by': 'cache-fra1232-FRA',
29 silly get     'x-cache': 'MISS',
29 silly get     'x-cache-hits': '0',
29 silly get     'x-timer': 'S1460408706.050250,VS0,VE188',
29 silly get     vary: 'Accept-Encoding' } ]
30 verbose etag http://registry.npmjs.org/rebass from cache
31 verbose get saving rebass to C:\Users\Szymon\AppData\Roaming\npm-cache\registry.npmjs.org\rebass\.cache.json
32 silly addNameRange number 2 { name: 'rebass', range: '*', hasData: true }
33 silly addNameRange versions [ 'rebass',
33 silly addNameRange   [ '0.0.1',
33 silly addNameRange     '0.0.3',
33 silly addNameRange     '0.0.4',
33 silly addNameRange     '0.1.0',
33 silly addNameRange     '0.1.1',
33 silly addNameRange     '0.1.2',
33 silly addNameRange     '0.1.3',
33 silly addNameRange     '0.1.4',
33 silly addNameRange     '0.1.5',
33 silly addNameRange     '0.2.0-beta1',
33 silly addNameRange     '0.2.0-beta2',
33 silly addNameRange     '0.2.0-beta3',
33 silly addNameRange     '0.2.0-beta4',
33 silly addNameRange     '0.2.0-beta6',
33 silly addNameRange     '0.2.0-beta7',
33 silly addNameRange     '0.2.0-beta8',
33 silly addNameRange     '0.2.0',
33 silly addNameRange     '0.2.1',
33 silly addNameRange     '0.2.2',
33 silly addNameRange     '0.2.3',
33 silly addNameRange     '0.2.4',
33 silly addNameRange     '0.2.5' ] ]
34 silly addNamed rebass@0.2.5
35 verbose addNamed "0.2.5" is a plain semver version for rebass
36 silly cache afterAdd rebass@0.2.5
37 verbose afterAdd C:\Users\Szymon\AppData\Roaming\npm-cache\rebass\0.2.5\package\package.json not in flight; writing
38 verbose afterAdd C:\Users\Szymon\AppData\Roaming\npm-cache\rebass\0.2.5\package\package.json written
39 silly install resolved [ { name: 'rebass',
39 silly install resolved     version: '0.2.5',
39 silly install resolved     description: 'Configurable React Stateless Functional UI Components',
39 silly install resolved     author: { name: 'Brent Jackson' },
39 silly install resolved     license: 'MIT',
39 silly install resolved     scripts:
39 silly install resolved      { prepublish: 'mkdir -p dist && babel src --out-dir dist',
39 silly install resolved        start: 'static-react docs/components/Root.js --props docs/data.js > index.html',
39 silly install resolved        watch: 'npm run start && onchange \'src/**/*\' \'docs/**/*\' -- npm run start',
39 silly install resolved        'test:watch': 'mocha test --watch --compilers js:babel-register',
39 silly install resolved        test: 'standard && mocha test --compilers js:babel-register' },
39 silly install resolved     peerDependencies: { react: '^0.14.0' },
39 silly install resolved     devDependencies:
39 silly install resolved      { 'babel-cli': '^6.5.1',
39 silly install resolved        'babel-core': '^6.5.2',
39 silly install resolved        'babel-preset-es2015': '^6.5.0',
39 silly install resolved        'babel-preset-react': '^6.5.0',
39 silly install resolved        'babel-preset-stage-0': '^6.5.0',
39 silly install resolved        'babel-register': '^6.5.2',
39 silly install resolved        expect: '^1.14.0',
39 silly install resolved        mocha: '^2.4.5',
39 silly install resolved        onchange: '^2.0.0',
39 silly install resolved        react: '^0.14.7',
39 silly install resolved        'react-addons-test-utils': '^0.14.7',
39 silly install resolved        'react-component-permutations': '^1.0.0-beta2',
39 silly install resolved        'react-docgen': '^2.7.0',
39 silly install resolved        'react-element-to-jsx-string': '^2.4.0',
39 silly install resolved        'react-geomicons': '^2.0.4',
39 silly install resolved        reflexbox: '^1.1.0',
39 silly install resolved        standard: '^6.0.7',
39 silly install resolved        'static-react': '^3.1.0' },
39 silly install resolved     keywords:
39 silly install resolved      [ 'components',
39 silly install resolved        'react',
39 silly install resolved        'react-component',
39 silly install resolved        'ui',
39 silly install resolved        'presentational',
39 silly install resolved        'stateless',
39 silly install resolved        'functional' ],
39 silly install resolved     main: 'dist/index.js',
39 silly install resolved     repository: { type: 'git', url: 'git+https://github.com/jxnblk/rebass.git' },
39 silly install resolved     bugs: { url: 'https://github.com/jxnblk/rebass/issues' },
39 silly install resolved     homepage: 'https://github.com/jxnblk/rebass',
39 silly install resolved     dependencies: { classnames: '^2.2.3', 'object-assign': '^4.0.1' },
39 silly install resolved     standard: { ignore: [Object], globals: [Object] },
39 silly install resolved     eslintConfig: { parser: 'babel-eslint' },
39 silly install resolved     gitHead: '5f848c9e4afdfb21f3d528fddde137220b220905',
39 silly install resolved     _id: 'rebass@0.2.5',
39 silly install resolved     _shasum: '19ced809f4c4ce5119ba9e853d8b0d3f8ac373ba',
39 silly install resolved     _from: 'rebass@*',
39 silly install resolved     _npmVersion: '3.6.0',
39 silly install resolved     _nodeVersion: '5.6.0',
39 silly install resolved     _npmUser: { name: 'jxnblk', email: 'jxnblk@gmail.com' },
39 silly install resolved     dist:
39 silly install resolved      { shasum: '19ced809f4c4ce5119ba9e853d8b0d3f8ac373ba',
39 silly install resolved        tarball: 'https://registry.npmjs.org/rebass/-/rebass-0.2.5.tgz' },
39 silly install resolved     maintainers: [ [Object] ],
39 silly install resolved     _npmOperationalInternal:
39 silly install resolved      { host: 'packages-12-west.internal.npmjs.com',
39 silly install resolved        tmp: 'tmp/rebass-0.2.5.tgz_1459860991335_0.10065393755212426' },
39 silly install resolved     directories: {},
39 silly install resolved     _resolved: 'http://registry.npmjs.org/rebass/-/rebass-0.2.5.tgz',
39 silly install resolved     readme: 'ERROR: No README data found!' } ]
40 info install rebass@0.2.5 into D:\Projects\ClockWise\clockwise-web
41 info installOne rebass@0.2.5
42 verbose installOne of rebass to D:\Projects\ClockWise\clockwise-web not in flight; installing
43 verbose lock using C:\Users\Szymon\AppData\Roaming\npm-cache\_locks\rebass-82d2a535620a62de.lock for D:\Projects\ClockWise\clockwise-web\node_modules\rebass
44 silly install write writing rebass 0.2.5 to D:\Projects\ClockWise\clockwise-web\node_modules\rebass
45 verbose unbuild node_modules\rebass
46 silly gentlyRm D:\Projects\ClockWise\clockwise-web\node_modules\rebass is being purged from base D:\Projects\ClockWise\clockwise-web
47 verbose gentlyRm don't care about contents; nuking D:\Projects\ClockWise\clockwise-web\node_modules\rebass
48 verbose tar unpack C:\Users\Szymon\AppData\Roaming\npm-cache\rebass\0.2.5\package.tgz
49 verbose tar unpacking to D:\Projects\ClockWise\clockwise-web\node_modules\rebass
50 silly gentlyRm D:\Projects\ClockWise\clockwise-web\node_modules\rebass is being purged
51 verbose gentlyRm don't care about contents; nuking D:\Projects\ClockWise\clockwise-web\node_modules\rebass
52 silly gunzTarPerm modes [ '777', '666' ]
53 silly gunzTarPerm extractEntry package.json
54 silly gunzTarPerm modified mode [ 'package.json', 420, 438 ]
55 silly gunzTarPerm extractEntry .npmignore
56 silly gunzTarPerm modified mode [ '.npmignore', 420, 438 ]
57 silly gunzTarPerm extractEntry README.md
58 silly gunzTarPerm modified mode [ 'README.md', 420, 438 ]
59 silly gunzTarPerm extractEntry .github/CONTRIBUTING.md
60 silly gunzTarPerm modified mode [ '.github/CONTRIBUTING.md', 420, 438 ]
61 silly gunzTarPerm extractEntry .github/LICENSE.md
62 silly gunzTarPerm modified mode [ '.github/LICENSE.md', 420, 438 ]
63 silly gunzTarPerm extractEntry .travis.yml
64 silly gunzTarPerm modified mode [ '.travis.yml', 420, 438 ]
65 silly gunzTarPerm extractEntry .codeclimate.yml
66 silly gunzTarPerm modified mode [ '.codeclimate.yml', 420, 438 ]
67 silly gunzTarPerm extractEntry .babelrc
68 silly gunzTarPerm modified mode [ '.babelrc', 420, 438 ]
69 silly gunzTarPerm extractEntry dist/Arrow.js
70 silly gunzTarPerm modified mode [ 'dist/Arrow.js', 420, 438 ]
71 silly gunzTarPerm extractEntry dist/Input.js
72 silly gunzTarPerm modified mode [ 'dist/Input.js', 420, 438 ]
73 silly gunzTarPerm extractEntry dist/InputRange.js
74 silly gunzTarPerm modified mode [ 'dist/InputRange.js', 420, 438 ]
75 silly gunzTarPerm extractEntry dist/Label.js
76 silly gunzTarPerm modified mode [ 'dist/Label.js', 420, 438 ]
77 silly gunzTarPerm extractEntry dist/InlineForm.js
78 silly gunzTarPerm modified mode [ 'dist/InlineForm.js', 420, 438 ]
79 silly gunzTarPerm extractEntry dist/Media.js
80 silly gunzTarPerm modified mode [ 'dist/Media.js', 420, 438 ]
81 silly gunzTarPerm extractEntry dist/Menu.js
82 silly gunzTarPerm modified mode [ 'dist/Menu.js', 420, 438 ]
83 silly gunzTarPerm extractEntry dist/Message.js
84 silly gunzTarPerm modified mode [ 'dist/Message.js', 420, 438 ]
85 silly gunzTarPerm extractEntry dist/NavItem.js
86 silly gunzTarPerm modified mode [ 'dist/NavItem.js', 420, 438 ]
87 silly gunzTarPerm extractEntry dist/Overlay.js
88 silly gunzTarPerm modified mode [ 'dist/Overlay.js', 420, 438 ]
89 silly gunzTarPerm extractEntry dist/HeadingLink.js
90 silly gunzTarPerm modified mode [ 'dist/HeadingLink.js', 420, 438 ]
91 silly gunzTarPerm extractEntry dist/PageHeader.js
92 silly gunzTarPerm modified mode [ 'dist/PageHeader.js', 420, 438 ]
93 silly gunzTarPerm extractEntry dist/Heading.js
94 silly gunzTarPerm modified mode [ 'dist/Heading.js', 420, 438 ]
95 silly gunzTarPerm extractEntry dist/Panel.js
96 silly gunzTarPerm modified mode [ 'dist/Panel.js', 420, 438 ]
97 silly gunzTarPerm extractEntry dist/Footer.js
98 silly gunzTarPerm modified mode [ 'dist/Footer.js', 420, 438 ]
99 silly gunzTarPerm extractEntry dist/PanelFooter.js
100 silly gunzTarPerm modified mode [ 'dist/PanelFooter.js', 420, 438 ]
101 silly gunzTarPerm extractEntry dist/Fixed.js
102 silly gunzTarPerm modified mode [ 'dist/Fixed.js', 420, 438 ]
103 silly gunzTarPerm extractEntry dist/PanelHeader.js
104 silly gunzTarPerm modified mode [ 'dist/PanelHeader.js', 420, 438 ]
105 silly gunzTarPerm extractEntry dist/Embed.js
106 silly gunzTarPerm modified mode [ 'dist/Embed.js', 420, 438 ]
107 silly gunzTarPerm extractEntry dist/Pre.js
108 silly gunzTarPerm modified mode [ 'dist/Pre.js', 420, 438 ]
109 silly gunzTarPerm extractEntry dist/DropdownMenu.js
110 silly gunzTarPerm modified mode [ 'dist/DropdownMenu.js', 420, 438 ]
111 silly gunzTarPerm extractEntry dist/Progress.js
112 silly gunzTarPerm modified mode [ 'dist/Progress.js', 420, 438 ]
113 silly gunzTarPerm extractEntry dist/Dropdown.js
114 silly gunzTarPerm modified mode [ 'dist/Dropdown.js', 420, 438 ]
115 silly gunzTarPerm extractEntry dist/Radio.js
116 silly gunzTarPerm modified mode [ 'dist/Radio.js', 420, 438 ]
117 silly gunzTarPerm extractEntry dist/Drawer.js
118 silly gunzTarPerm modified mode [ 'dist/Drawer.js', 420, 438 ]
119 silly gunzTarPerm extractEntry dist/Rating.js
120 silly gunzTarPerm modified mode [ 'dist/Rating.js', 420, 438 ]
121 silly gunzTarPerm extractEntry dist/DotIndicator.js
122 silly gunzTarPerm modified mode [ 'dist/DotIndicator.js', 420, 438 ]
123 silly gunzTarPerm extractEntry dist/Section.js
124 silly gunzTarPerm modified mode [ 'dist/Section.js', 420, 438 ]
125 silly gunzTarPerm extractEntry dist/Donut.js
126 silly gunzTarPerm modified mode [ 'dist/Donut.js', 420, 438 ]
127 silly gunzTarPerm extractEntry dist/SectionHeader.js
128 silly gunzTarPerm modified mode [ 'dist/SectionHeader.js', 420, 438 ]
129 silly gunzTarPerm extractEntry dist/Divider.js
130 silly gunzTarPerm modified mode [ 'dist/Divider.js', 420, 438 ]
131 silly gunzTarPerm extractEntry dist/Select.js
132 silly gunzTarPerm modified mode [ 'dist/Select.js', 420, 438 ]
133 silly gunzTarPerm extractEntry dist/Container.js
134 silly gunzTarPerm modified mode [ 'dist/Container.js', 420, 438 ]
135 silly gunzTarPerm extractEntry dist/SequenceMap.js
136 silly gunzTarPerm modified mode [ 'dist/SequenceMap.js', 420, 438 ]
137 silly gunzTarPerm extractEntry dist/Close.js
138 silly gunzTarPerm modified mode [ 'dist/Close.js', 420, 438 ]
139 silly gunzTarPerm extractEntry dist/SequenceMapStep.js
140 silly gunzTarPerm modified mode [ 'dist/SequenceMapStep.js', 420, 438 ]
141 silly gunzTarPerm extractEntry dist/Checkbox.js
142 silly gunzTarPerm modified mode [ 'dist/Checkbox.js', 420, 438 ]
143 silly gunzTarPerm extractEntry dist/Slider.js
144 silly gunzTarPerm modified mode [ 'dist/Slider.js', 420, 438 ]
145 silly gunzTarPerm extractEntry dist/CardImage.js
146 silly gunzTarPerm modified mode [ 'dist/CardImage.js', 420, 438 ]
147 silly gunzTarPerm extractEntry dist/Space.js
148 silly gunzTarPerm modified mode [ 'dist/Space.js', 420, 438 ]
149 silly gunzTarPerm extractEntry dist/Card.js
150 silly gunzTarPerm modified mode [ 'dist/Card.js', 420, 438 ]
151 silly gunzTarPerm extractEntry dist/Stat.js
152 silly gunzTarPerm modified mode [ 'dist/Stat.js', 420, 438 ]
153 silly gunzTarPerm extractEntry dist/ButtonOutline.js
154 silly gunzTarPerm modified mode [ 'dist/ButtonOutline.js', 420, 438 ]
155 silly gunzTarPerm extractEntry dist/Switch.js
156 silly gunzTarPerm modified mode [ 'dist/Switch.js', 420, 438 ]
157 silly gunzTarPerm extractEntry dist/ButtonCircle.js
158 silly gunzTarPerm modified mode [ 'dist/ButtonCircle.js', 420, 438 ]
159 silly gunzTarPerm extractEntry dist/Table.js
160 silly gunzTarPerm modified mode [ 'dist/Table.js', 420, 438 ]
161 silly gunzTarPerm extractEntry dist/Button.js
162 silly gunzTarPerm modified mode [ 'dist/Button.js', 420, 438 ]
163 silly gunzTarPerm extractEntry dist/Text.js
164 silly gunzTarPerm modified mode [ 'dist/Text.js', 420, 438 ]
165 silly gunzTarPerm extractEntry dist/Breadcrumbs.js
166 silly gunzTarPerm modified mode [ 'dist/Breadcrumbs.js', 420, 438 ]
167 silly gunzTarPerm extractEntry dist/Textarea.js
168 silly gunzTarPerm modified mode [ 'dist/Textarea.js', 420, 438 ]
169 silly gunzTarPerm extractEntry dist/Blockquote.js
170 silly gunzTarPerm modified mode [ 'dist/Blockquote.js', 420, 438 ]
171 silly gunzTarPerm extractEntry dist/Toolbar.js
172 silly gunzTarPerm modified mode [ 'dist/Toolbar.js', 420, 438 ]
173 silly gunzTarPerm extractEntry dist/Block.js
174 silly gunzTarPerm modified mode [ 'dist/Block.js', 420, 438 ]
175 silly gunzTarPerm extractEntry dist/Tooltip.js
176 silly gunzTarPerm modified mode [ 'dist/Tooltip.js', 420, 438 ]
177 silly gunzTarPerm extractEntry dist/Base.js
178 silly gunzTarPerm modified mode [ 'dist/Base.js', 420, 438 ]
179 silly gunzTarPerm extractEntry dist/config.js
180 silly gunzTarPerm modified mode [ 'dist/config.js', 420, 438 ]
181 silly gunzTarPerm extractEntry dist/Banner.js
182 silly gunzTarPerm modified mode [ 'dist/Banner.js', 420, 438 ]
183 silly gunzTarPerm extractEntry dist/index.js
184 silly gunzTarPerm modified mode [ 'dist/index.js', 420, 438 ]
185 silly gunzTarPerm extractEntry dist/Badge.js
186 silly gunzTarPerm modified mode [ 'dist/Badge.js', 420, 438 ]
187 silly gunzTarPerm extractEntry dist/theme.js
188 silly gunzTarPerm modified mode [ 'dist/theme.js', 420, 438 ]
189 silly gunzTarPerm extractEntry dist/Avatar.js
190 silly gunzTarPerm modified mode [ 'dist/Avatar.js', 420, 438 ]
191 silly gunzTarPerm extractEntry dist/LinkBlock.js
192 silly gunzTarPerm modified mode [ 'dist/LinkBlock.js', 420, 438 ]
193 silly gunzTarPerm extractEntry dist/util/color-style.js
194 silly gunzTarPerm modified mode [ 'dist/util/color-style.js', 420, 438 ]
195 silly gunzTarPerm extractEntry dist/util/get-foreground-color.js
196 silly gunzTarPerm modified mode [ 'dist/util/get-foreground-color.js', 420, 438 ]
197 silly gunzTarPerm extractEntry dist/util/margins.js
198 silly gunzTarPerm modified mode [ 'dist/util/margins.js', 420, 438 ]
199 silly gunzTarPerm extractEntry dist/util/padding.js
200 silly gunzTarPerm modified mode [ 'dist/util/padding.js', 420, 438 ]
201 silly gunzTarPerm extractEntry dist/util/radii.js
202 silly gunzTarPerm modified mode [ 'dist/util/radii.js', 420, 438 ]
203 silly gunzTarPerm extractEntry index.html
204 silly gunzTarPerm modified mode [ 'index.html', 420, 438 ]
205 silly gunzTarPerm extractEntry src/Arrow.js
206 silly gunzTarPerm modified mode [ 'src/Arrow.js', 420, 438 ]
207 silly gunzTarPerm extractEntry src/InlineForm.js
208 silly gunzTarPerm modified mode [ 'src/InlineForm.js', 420, 438 ]
209 silly gunzTarPerm extractEntry src/Input.js
210 silly gunzTarPerm modified mode [ 'src/Input.js', 420, 438 ]
211 silly gunzTarPerm extractEntry src/Label.js
212 silly gunzTarPerm modified mode [ 'src/Label.js', 420, 438 ]
213 silly gunzTarPerm extractEntry src/HeadingLink.js
214 silly gunzTarPerm modified mode [ 'src/HeadingLink.js', 420, 438 ]
215 silly gunzTarPerm extractEntry src/Media.js
216 silly gunzTarPerm modified mode [ 'src/Media.js', 420, 438 ]
217 silly gunzTarPerm extractEntry src/Menu.js
218 silly gunzTarPerm modified mode [ 'src/Menu.js', 420, 438 ]
219 silly gunzTarPerm extractEntry src/Message.js
220 silly gunzTarPerm modified mode [ 'src/Message.js', 420, 438 ]
221 silly gunzTarPerm extractEntry src/NavItem.js
222 silly gunzTarPerm modified mode [ 'src/NavItem.js', 420, 438 ]
223 silly gunzTarPerm extractEntry src/Overlay.js
224 silly gunzTarPerm modified mode [ 'src/Overlay.js', 420, 438 ]
225 silly gunzTarPerm extractEntry src/Heading.js
226 silly gunzTarPerm modified mode [ 'src/Heading.js', 420, 438 ]
227 silly gunzTarPerm extractEntry src/PageHeader.js
228 silly gunzTarPerm modified mode [ 'src/PageHeader.js', 420, 438 ]
229 silly gunzTarPerm extractEntry src/Footer.js
230 silly gunzTarPerm modified mode [ 'src/Footer.js', 420, 438 ]
231 silly gunzTarPerm extractEntry src/Panel.js
232 silly gunzTarPerm modified mode [ 'src/Panel.js', 420, 438 ]
233 silly gunzTarPerm extractEntry src/Fixed.js
234 silly gunzTarPerm modified mode [ 'src/Fixed.js', 420, 438 ]
235 silly gunzTarPerm extractEntry src/PanelFooter.js
236 silly gunzTarPerm modified mode [ 'src/PanelFooter.js', 420, 438 ]
237 silly gunzTarPerm extractEntry src/Embed.js
238 silly gunzTarPerm modified mode [ 'src/Embed.js', 420, 438 ]
239 silly gunzTarPerm extractEntry src/PanelHeader.js
240 silly gunzTarPerm modified mode [ 'src/PanelHeader.js', 420, 438 ]
241 silly gunzTarPerm extractEntry src/DropdownMenu.js
242 silly gunzTarPerm modified mode [ 'src/DropdownMenu.js', 420, 438 ]
243 silly gunzTarPerm extractEntry src/Pre.js
244 silly gunzTarPerm modified mode [ 'src/Pre.js', 420, 438 ]
245 silly gunzTarPerm extractEntry src/Dropdown.js
246 silly gunzTarPerm modified mode [ 'src/Dropdown.js', 420, 438 ]
247 silly gunzTarPerm extractEntry src/Progress.js
248 silly gunzTarPerm modified mode [ 'src/Progress.js', 420, 438 ]
249 silly gunzTarPerm extractEntry src/Drawer.js
250 silly gunzTarPerm modified mode [ 'src/Drawer.js', 420, 438 ]
251 silly gunzTarPerm extractEntry src/Radio.js
252 silly gunzTarPerm modified mode [ 'src/Radio.js', 420, 438 ]
253 silly gunzTarPerm extractEntry src/DotIndicator.js
254 silly gunzTarPerm modified mode [ 'src/DotIndicator.js', 420, 438 ]
255 silly gunzTarPerm extractEntry src/Rating.js
256 silly gunzTarPerm modified mode [ 'src/Rating.js', 420, 438 ]
257 silly gunzTarPerm extractEntry src/Donut.js
258 silly gunzTarPerm modified mode [ 'src/Donut.js', 420, 438 ]
259 silly gunzTarPerm extractEntry src/Section.js
260 silly gunzTarPerm modified mode [ 'src/Section.js', 420, 438 ]
261 silly gunzTarPerm extractEntry src/Divider.js
262 silly gunzTarPerm modified mode [ 'src/Divider.js', 420, 438 ]
263 silly gunzTarPerm extractEntry src/SectionHeader.js
264 silly gunzTarPerm modified mode [ 'src/SectionHeader.js', 420, 438 ]
265 silly gunzTarPerm extractEntry src/Container.js
266 silly gunzTarPerm modified mode [ 'src/Container.js', 420, 438 ]
267 silly gunzTarPerm extractEntry src/Select.js
268 silly gunzTarPerm modified mode [ 'src/Select.js', 420, 438 ]
269 silly gunzTarPerm extractEntry src/Close.js
270 silly gunzTarPerm modified mode [ 'src/Close.js', 420, 438 ]
271 silly gunzTarPerm extractEntry src/SequenceMap.js
272 silly gunzTarPerm modified mode [ 'src/SequenceMap.js', 420, 438 ]
273 silly gunzTarPerm extractEntry src/Checkbox.js
274 silly gunzTarPerm modified mode [ 'src/Checkbox.js', 420, 438 ]
275 silly gunzTarPerm extractEntry src/SequenceMapStep.js
276 silly gunzTarPerm modified mode [ 'src/SequenceMapStep.js', 420, 438 ]
277 silly gunzTarPerm extractEntry src/CardImage.js
278 silly gunzTarPerm modified mode [ 'src/CardImage.js', 420, 438 ]
279 silly gunzTarPerm extractEntry src/Slider.js
280 silly gunzTarPerm modified mode [ 'src/Slider.js', 420, 438 ]
281 silly gunzTarPerm extractEntry src/Card.js
282 silly gunzTarPerm modified mode [ 'src/Card.js', 420, 438 ]
283 silly gunzTarPerm extractEntry src/Space.js
284 silly gunzTarPerm modified mode [ 'src/Space.js', 420, 438 ]
285 silly gunzTarPerm extractEntry src/ButtonOutline.js
286 silly gunzTarPerm modified mode [ 'src/ButtonOutline.js', 420, 438 ]
287 silly gunzTarPerm extractEntry src/Stat.js
288 silly gunzTarPerm modified mode [ 'src/Stat.js', 420, 438 ]
289 silly gunzTarPerm extractEntry src/ButtonCircle.js
290 silly gunzTarPerm modified mode [ 'src/ButtonCircle.js', 420, 438 ]
291 silly gunzTarPerm extractEntry src/Switch.js
292 silly gunzTarPerm modified mode [ 'src/Switch.js', 420, 438 ]
293 silly gunzTarPerm extractEntry src/Button.js
294 silly gunzTarPerm modified mode [ 'src/Button.js', 420, 438 ]
295 silly gunzTarPerm extractEntry src/Table.js
296 silly gunzTarPerm modified mode [ 'src/Table.js', 420, 438 ]
297 silly gunzTarPerm extractEntry src/Breadcrumbs.js
298 silly gunzTarPerm modified mode [ 'src/Breadcrumbs.js', 420, 438 ]
299 silly gunzTarPerm extractEntry src/Text.js
300 silly gunzTarPerm modified mode [ 'src/Text.js', 420, 438 ]
301 silly gunzTarPerm extractEntry src/Blockquote.js
302 silly gunzTarPerm modified mode [ 'src/Blockquote.js', 420, 438 ]
303 silly gunzTarPerm extractEntry src/Textarea.js
304 silly gunzTarPerm modified mode [ 'src/Textarea.js', 420, 438 ]
305 silly gunzTarPerm extractEntry src/Block.js
306 silly gunzTarPerm modified mode [ 'src/Block.js', 420, 438 ]
307 silly gunzTarPerm extractEntry src/Toolbar.js
308 silly gunzTarPerm modified mode [ 'src/Toolbar.js', 420, 438 ]
309 silly gunzTarPerm extractEntry src/Base.js
310 silly gunzTarPerm modified mode [ 'src/Base.js', 420, 438 ]
311 silly gunzTarPerm extractEntry src/Tooltip.js
312 silly gunzTarPerm modified mode [ 'src/Tooltip.js', 420, 438 ]
313 silly gunzTarPerm extractEntry src/Banner.js
314 silly gunzTarPerm modified mode [ 'src/Banner.js', 420, 438 ]
315 silly gunzTarPerm extractEntry src/config.js
316 silly gunzTarPerm modified mode [ 'src/config.js', 420, 438 ]
317 silly gunzTarPerm extractEntry src/Badge.js
318 silly gunzTarPerm modified mode [ 'src/Badge.js', 420, 438 ]
319 silly gunzTarPerm extractEntry src/index.js
320 silly gunzTarPerm modified mode [ 'src/index.js', 420, 438 ]
321 silly gunzTarPerm extractEntry src/Avatar.js
322 silly gunzTarPerm modified mode [ 'src/Avatar.js', 420, 438 ]
323 silly gunzTarPerm extractEntry src/LinkBlock.js
324 silly gunzTarPerm modified mode [ 'src/LinkBlock.js', 420, 438 ]
325 silly gunzTarPerm extractEntry src/util/color-style.js
326 silly gunzTarPerm modified mode [ 'src/util/color-style.js', 420, 438 ]
327 silly gunzTarPerm extractEntry src/util/margins.js
328 silly gunzTarPerm modified mode [ 'src/util/margins.js', 420, 438 ]
329 silly gunzTarPerm extractEntry src/util/padding.js
330 silly gunzTarPerm modified mode [ 'src/util/padding.js', 420, 438 ]
331 silly gunzTarPerm extractEntry src/util/radii.js
332 silly gunzTarPerm modified mode [ 'src/util/radii.js', 420, 438 ]
333 silly gunzTarPerm extractEntry test/Arrow.spec.js
334 silly gunzTarPerm modified mode [ 'test/Arrow.spec.js', 420, 438 ]
335 silly gunzTarPerm extractEntry test/InlineForm.spec.js
336 silly gunzTarPerm modified mode [ 'test/InlineForm.spec.js', 420, 438 ]
337 silly gunzTarPerm extractEntry test/Input.spec.js
338 silly gunzTarPerm modified mode [ 'test/Input.spec.js', 420, 438 ]
339 silly gunzTarPerm extractEntry test/Label.spec.js
340 silly gunzTarPerm modified mode [ 'test/Label.spec.js', 420, 438 ]
341 silly gunzTarPerm extractEntry test/LinkBlock.spec.js
342 silly gunzTarPerm modified mode [ 'test/LinkBlock.spec.js', 420, 438 ]
343 silly gunzTarPerm extractEntry test/HeadingLink.js
344 silly gunzTarPerm modified mode [ 'test/HeadingLink.js', 420, 438 ]
345 silly gunzTarPerm extractEntry test/Menu.spec.js
346 silly gunzTarPerm modified mode [ 'test/Menu.spec.js', 420, 438 ]
347 silly gunzTarPerm extractEntry test/Message.spec.js
348 silly gunzTarPerm modified mode [ 'test/Message.spec.js', 420, 438 ]
349 silly gunzTarPerm extractEntry test/NavItem.spec.js
350 silly gunzTarPerm modified mode [ 'test/NavItem.spec.js', 420, 438 ]
351 silly gunzTarPerm extractEntry test/Overlay.spec.js
352 silly gunzTarPerm modified mode [ 'test/Overlay.spec.js', 420, 438 ]
353 silly gunzTarPerm extractEntry test/PageHeader.spec.js
354 silly gunzTarPerm modified mode [ 'test/PageHeader.spec.js', 420, 438 ]
355 silly gunzTarPerm extractEntry test/Heading.spec.js
356 silly gunzTarPerm modified mode [ 'test/Heading.spec.js', 420, 438 ]
357 silly gunzTarPerm extractEntry test/Panel.spec.js
358 silly gunzTarPerm modified mode [ 'test/Panel.spec.js', 420, 438 ]
359 silly gunzTarPerm extractEntry test/Footer.spec.js
360 silly gunzTarPerm modified mode [ 'test/Footer.spec.js', 420, 438 ]
361 silly gunzTarPerm extractEntry test/PanelFooter.spec.js
362 silly gunzTarPerm modified mode [ 'test/PanelFooter.spec.js', 420, 438 ]
363 silly gunzTarPerm extractEntry test/Fixed.spec.js
364 silly gunzTarPerm modified mode [ 'test/Fixed.spec.js', 420, 438 ]
365 silly gunzTarPerm extractEntry test/PanelHeader.spec.js
366 silly gunzTarPerm modified mode [ 'test/PanelHeader.spec.js', 420, 438 ]
367 silly gunzTarPerm extractEntry test/Embed.spec.js
368 silly gunzTarPerm modified mode [ 'test/Embed.spec.js', 420, 438 ]
369 silly gunzTarPerm extractEntry test/Pre.spec.js
370 silly gunzTarPerm modified mode [ 'test/Pre.spec.js', 420, 438 ]
371 silly gunzTarPerm extractEntry test/DropdownMenu.js
372 silly gunzTarPerm modified mode [ 'test/DropdownMenu.js', 420, 438 ]
373 silly gunzTarPerm extractEntry test/Progress.spec.js
374 silly gunzTarPerm modified mode [ 'test/Progress.spec.js', 420, 438 ]
375 silly gunzTarPerm extractEntry test/Dropdown.spec.js
376 silly gunzTarPerm modified mode [ 'test/Dropdown.spec.js', 420, 438 ]
377 silly gunzTarPerm extractEntry test/Radio.spec.js
378 silly gunzTarPerm modified mode [ 'test/Radio.spec.js', 420, 438 ]
379 silly gunzTarPerm extractEntry test/Drawer.spec.js
380 silly gunzTarPerm modified mode [ 'test/Drawer.spec.js', 420, 438 ]
381 silly gunzTarPerm extractEntry test/Rating.spec.js
382 silly gunzTarPerm modified mode [ 'test/Rating.spec.js', 420, 438 ]
383 silly gunzTarPerm extractEntry test/DotIndicator.spec.js
384 silly gunzTarPerm modified mode [ 'test/DotIndicator.spec.js', 420, 438 ]
385 silly gunzTarPerm extractEntry test/Section.spec.js
386 silly gunzTarPerm modified mode [ 'test/Section.spec.js', 420, 438 ]
387 silly gunzTarPerm extractEntry test/Donut.spec.js
388 silly gunzTarPerm modified mode [ 'test/Donut.spec.js', 420, 438 ]
389 silly gunzTarPerm extractEntry test/SectionHeader.spec.js
390 silly gunzTarPerm modified mode [ 'test/SectionHeader.spec.js', 420, 438 ]
391 silly gunzTarPerm extractEntry test/Divider.spec.js
392 silly gunzTarPerm modified mode [ 'test/Divider.spec.js', 420, 438 ]
393 silly gunzTarPerm extractEntry test/Select.spec.js
394 silly gunzTarPerm modified mode [ 'test/Select.spec.js', 420, 438 ]
395 silly gunzTarPerm extractEntry test/Container.spec.js
396 silly gunzTarPerm modified mode [ 'test/Container.spec.js', 420, 438 ]
397 silly gunzTarPerm extractEntry test/SequenceMap.spec.js
398 silly gunzTarPerm modified mode [ 'test/SequenceMap.spec.js', 420, 438 ]
399 silly gunzTarPerm extractEntry test/Close.spec.js
400 silly gunzTarPerm modified mode [ 'test/Close.spec.js', 420, 438 ]
401 silly gunzTarPerm extractEntry test/Slider.spec.js
402 silly gunzTarPerm modified mode [ 'test/Slider.spec.js', 420, 438 ]
403 silly gunzTarPerm extractEntry test/Checkbox.spec.js
404 silly gunzTarPerm modified mode [ 'test/Checkbox.spec.js', 420, 438 ]
405 silly gunzTarPerm extractEntry test/Space.spec.js
406 silly gunzTarPerm modified mode [ 'test/Space.spec.js', 420, 438 ]
407 silly gunzTarPerm extractEntry test/CardImage.spec.js
408 silly gunzTarPerm modified mode [ 'test/CardImage.spec.js', 420, 438 ]
409 silly gunzTarPerm extractEntry test/Stat.spec.js
410 silly gunzTarPerm modified mode [ 'test/Stat.spec.js', 420, 438 ]
411 silly gunzTarPerm extractEntry test/Card.spec.js
412 silly gunzTarPerm modified mode [ 'test/Card.spec.js', 420, 438 ]
413 silly gunzTarPerm extractEntry test/Switch.spec.js
414 silly gunzTarPerm modified mode [ 'test/Switch.spec.js', 420, 438 ]
415 silly gunzTarPerm extractEntry test/ButtonOutline.spec.js
416 silly gunzTarPerm modified mode [ 'test/ButtonOutline.spec.js', 420, 438 ]
417 silly gunzTarPerm extractEntry test/Table.spec.js
418 silly gunzTarPerm modified mode [ 'test/Table.spec.js', 420, 438 ]
419 silly gunzTarPerm extractEntry test/ButtonCircle.spec.js
420 silly gunzTarPerm modified mode [ 'test/ButtonCircle.spec.js', 420, 438 ]
421 silly gunzTarPerm extractEntry test/Text.spec.js
422 silly gunzTarPerm modified mode [ 'test/Text.spec.js', 420, 438 ]
423 silly gunzTarPerm extractEntry test/Button.spec.js
424 silly gunzTarPerm modified mode [ 'test/Button.spec.js', 420, 438 ]
425 silly gunzTarPerm extractEntry test/Textarea.spec.js
426 silly gunzTarPerm modified mode [ 'test/Textarea.spec.js', 420, 438 ]
427 silly gunzTarPerm extractEntry test/Breadcrumbs.spec.js
428 silly gunzTarPerm modified mode [ 'test/Breadcrumbs.spec.js', 420, 438 ]
429 silly gunzTarPerm extractEntry test/Toolbar.spec.js
430 silly gunzTarPerm modified mode [ 'test/Toolbar.spec.js', 420, 438 ]
431 silly gunzTarPerm extractEntry test/Blockquote.spec.js
432 silly gunzTarPerm modified mode [ 'test/Blockquote.spec.js', 420, 438 ]
433 silly gunzTarPerm extractEntry test/Tooltip.spec.js
434 silly gunzTarPerm modified mode [ 'test/Tooltip.spec.js', 420, 438 ]
435 silly gunzTarPerm extractEntry test/Block.spec.js
436 silly gunzTarPerm modified mode [ 'test/Block.spec.js', 420, 438 ]
437 silly gunzTarPerm extractEntry test/color-style.spec.js
438 silly gunzTarPerm modified mode [ 'test/color-style.spec.js', 420, 438 ]
439 silly gunzTarPerm extractEntry test/Base.spec.js
440 silly gunzTarPerm modified mode [ 'test/Base.spec.js', 420, 438 ]
441 silly gunzTarPerm extractEntry test/config.spec.js
442 silly gunzTarPerm modified mode [ 'test/config.spec.js', 420, 438 ]
443 silly gunzTarPerm extractEntry test/Banner.spec.js
444 silly gunzTarPerm modified mode [ 'test/Banner.spec.js', 420, 438 ]
445 silly gunzTarPerm extractEntry test/margins.spec.js
446 silly gunzTarPerm modified mode [ 'test/margins.spec.js', 420, 438 ]
447 silly gunzTarPerm extractEntry test/Badge.spec.js
448 silly gunzTarPerm modified mode [ 'test/Badge.spec.js', 420, 438 ]
449 silly gunzTarPerm extractEntry test/padding.spec.js
450 silly gunzTarPerm modified mode [ 'test/padding.spec.js', 420, 438 ]
451 silly gunzTarPerm extractEntry test/Avatar.spec.js
452 silly gunzTarPerm modified mode [ 'test/Avatar.spec.js', 420, 438 ]
453 silly gunzTarPerm extractEntry test/radii.spec.js
454 silly gunzTarPerm modified mode [ 'test/radii.spec.js', 420, 438 ]
455 silly gunzTarPerm extractEntry test/Media.spec.js
456 silly gunzTarPerm modified mode [ 'test/Media.spec.js', 420, 438 ]
457 verbose write writing to D:\Projects\ClockWise\clockwise-web\node_modules\rebass\package.json
458 info preinstall rebass@0.2.5
459 verbose readDependencies loading dependencies from D:\Projects\ClockWise\clockwise-web\node_modules\rebass\package.json
460 silly prepareForInstallMany adding classnames@^2.2.3 from rebass dependencies
461 silly prepareForInstallMany adding object-assign@^4.0.1 from rebass dependencies
462 silly prepareForInstallMany adding react@^0.14.0 from rebass peerDependencies
463 warn peerDependencies The peer dependency react@^0.14.0 included from rebass will no
464 warn peerDependencies longer be automatically installed to fulfill the peerDependency
465 warn peerDependencies in npm 3+. Your application will need to depend on it explicitly.
466 verbose readDependencies loading dependencies from D:\Projects\ClockWise\clockwise-web\node_modules\rebass\package.json
467 silly cache add args [ 'object-assign@^4.0.1', null ]
468 verbose cache add spec object-assign@^4.0.1
469 silly cache add parsed spec { raw: 'object-assign@^4.0.1',
469 silly cache add   scope: null,
469 silly cache add   name: 'object-assign',
469 silly cache add   rawSpec: '^4.0.1',
469 silly cache add   spec: '>=4.0.1 <5.0.0',
469 silly cache add   type: 'range' }
470 silly addNamed object-assign@>=4.0.1 <5.0.0
471 verbose addNamed ">=4.0.1 <5.0.0" is a valid semver range for object-assign
472 silly addNameRange { name: 'object-assign',
472 silly addNameRange   range: '>=4.0.1 <5.0.0',
472 silly addNameRange   hasData: false }
473 silly mapToRegistry name object-assign
474 silly mapToRegistry using default registry
475 silly mapToRegistry registry http://registry.npmjs.org/
476 silly mapToRegistry uri http://registry.npmjs.org/object-assign
477 verbose addNameRange registry:http://registry.npmjs.org/object-assign not in flight; fetching
478 silly cache add args [ 'classnames@^2.2.3', null ]
479 verbose cache add spec classnames@^2.2.3
480 silly cache add parsed spec { raw: 'classnames@^2.2.3',
480 silly cache add   scope: null,
480 silly cache add   name: 'classnames',
480 silly cache add   rawSpec: '^2.2.3',
480 silly cache add   spec: '>=2.2.3 <3.0.0',
480 silly cache add   type: 'range' }
481 silly addNamed classnames@>=2.2.3 <3.0.0
482 verbose addNamed ">=2.2.3 <3.0.0" is a valid semver range for classnames
483 silly addNameRange { name: 'classnames', range: '>=2.2.3 <3.0.0', hasData: false }
484 silly mapToRegistry name classnames
485 silly mapToRegistry using default registry
486 silly mapToRegistry registry http://registry.npmjs.org/
487 silly mapToRegistry uri http://registry.npmjs.org/classnames
488 verbose addNameRange registry:http://registry.npmjs.org/classnames not in flight; fetching
489 verbose request uri http://registry.npmjs.org/object-assign
490 verbose request no auth needed
491 info attempt registry request try #1 at 23:05:13
492 verbose etag "65X2Q5N9UHXIOQC804Y02T4I2"
493 http request GET http://registry.npmjs.org/object-assign
494 verbose request uri http://registry.npmjs.org/classnames
495 verbose request no auth needed
496 info attempt registry request try #1 at 23:05:13
497 verbose etag "4H6YF19FQQP8QD7EX3W36CE2B"
498 http request GET http://registry.npmjs.org/classnames
499 http 304 http://registry.npmjs.org/object-assign
500 silly get cb [ 304,
500 silly get   { date: 'Mon, 11 Apr 2016 21:05:08 GMT',
500 silly get     via: '1.1 varnish',
500 silly get     'cache-control': 'max-age=300',
500 silly get     etag: '"65X2Q5N9UHXIOQC804Y02T4I2"',
500 silly get     age: '39',
500 silly get     connection: 'keep-alive',
500 silly get     'x-served-by': 'cache-fra1232-FRA',
500 silly get     'x-cache': 'HIT',
500 silly get     'x-cache-hits': '3',
500 silly get     'x-timer': 'S1460408708.994790,VS0,VE0',
500 silly get     vary: 'Accept-Encoding' } ]
501 verbose etag http://registry.npmjs.org/object-assign from cache
502 verbose get saving object-assign to C:\Users\Szymon\AppData\Roaming\npm-cache\registry.npmjs.org\object-assign\.cache.json
503 silly addNameRange number 2 { name: 'object-assign', range: '>=4.0.1 <5.0.0', hasData: true }
504 silly addNameRange versions [ 'object-assign',
504 silly addNameRange   [ '0.1.0',
504 silly addNameRange     '0.1.1',
504 silly addNameRange     '0.1.2',
504 silly addNameRange     '0.2.0',
504 silly addNameRange     '0.2.1',
504 silly addNameRange     '0.2.2',
504 silly addNameRange     '0.3.0',
504 silly addNameRange     '0.3.1',
504 silly addNameRange     '0.4.0',
504 silly addNameRange     '1.0.0',
504 silly addNameRange     '2.0.0',
504 silly addNameRange     '3.0.0',
504 silly addNameRange     '2.1.1',
504 silly addNameRange     '4.0.0',
504 silly addNameRange     '4.0.1' ] ]
505 silly addNamed object-assign@4.0.1
506 verbose addNamed "4.0.1" is a plain semver version for object-assign
507 silly cache afterAdd object-assign@4.0.1
508 verbose afterAdd C:\Users\Szymon\AppData\Roaming\npm-cache\object-assign\4.0.1\package\package.json not in flight; writing
509 verbose afterAdd C:\Users\Szymon\AppData\Roaming\npm-cache\object-assign\4.0.1\package\package.json written
510 http 200 http://registry.npmjs.org/classnames
511 silly get cb [ 200,
511 silly get   { server: 'CouchDB/1.5.0 (Erlang OTP/R16B03)',
511 silly get     etag: '"GWN8ERTGFU06RNR5H5J87ABD"',
511 silly get     'content-type': 'application/json',
511 silly get     'content-encoding': 'gzip',
511 silly get     'cache-control': 'max-age=300',
511 silly get     'content-length': '6302',
511 silly get     'accept-ranges': 'bytes',
511 silly get     date: 'Mon, 11 Apr 2016 21:05:09 GMT',
511 silly get     via: '1.1 varnish',
511 silly get     age: '254',
511 silly get     connection: 'keep-alive',
511 silly get     'x-served-by': 'cache-fra1250-FRA',
511 silly get     'x-cache': 'HIT',
511 silly get     'x-cache-hits': '479',
511 silly get     'x-timer': 'S1460408709.049128,VS0,VE0',
511 silly get     vary: 'Accept-Encoding' } ]
512 verbose get saving classnames to C:\Users\Szymon\AppData\Roaming\npm-cache\registry.npmjs.org\classnames\.cache.json
513 silly addNameRange number 2 { name: 'classnames', range: '>=2.2.3 <3.0.0', hasData: true }
514 silly addNameRange versions [ 'classnames',
514 silly addNameRange   [ '1.0.0',
514 silly addNameRange     '1.1.0',
514 silly addNameRange     '1.1.1',
514 silly addNameRange     '1.1.2',
514 silly addNameRange     '1.1.3',
514 silly addNameRange     '1.1.4',
514 silly addNameRange     '1.2.0',
514 silly addNameRange     '1.2.1',
514 silly addNameRange     '1.2.2',
514 silly addNameRange     '2.0.0',
514 silly addNameRange     '2.1.0',
514 silly addNameRange     '2.1.1',
514 silly addNameRange     '2.1.2',
514 silly addNameRange     '2.1.3',
514 silly addNameRange     '2.1.4',
514 silly addNameRange     '2.1.5',
514 silly addNameRange     '2.2.0',
514 silly addNameRange     '2.2.1',
514 silly addNameRange     '2.2.2',
514 silly addNameRange     '2.2.3' ] ]
515 silly addNamed classnames@2.2.3
516 verbose addNamed "2.2.3" is a plain semver version for classnames
517 silly cache afterAdd classnames@2.2.3
518 verbose afterAdd C:\Users\Szymon\AppData\Roaming\npm-cache\classnames\2.2.3\package\package.json not in flight; writing
519 verbose afterAdd C:\Users\Szymon\AppData\Roaming\npm-cache\classnames\2.2.3\package\package.json written
520 silly install resolved [ { name: 'object-assign',
520 silly install resolved     version: '4.0.1',
520 silly install resolved     description: 'ES6 Object.assign() ponyfill',
520 silly install resolved     license: 'MIT',
520 silly install resolved     repository:
520 silly install resolved      { type: 'git',
520 silly install resolved        url: 'git+https://github.com/sindresorhus/object-assign.git' },
520 silly install resolved     author:
520 silly install resolved      { name: 'Sindre Sorhus',
520 silly install resolved        email: 'sindresorhus@gmail.com',
520 silly install resolved        url: 'http://sindresorhus.com' },
520 silly install resolved     engines: { node: '>=0.10.0' },
520 silly install resolved     scripts: { test: 'xo && mocha', bench: 'matcha bench.js' },
520 silly install resolved     files: [ 'index.js' ],
520 silly install resolved     keywords:
520 silly install resolved      [ 'object',
520 silly install resolved        'assign',
520 silly install resolved        'extend',
520 silly install resolved        'properties',
520 silly install resolved        'es6',
520 silly install resolved        'ecmascript',
520 silly install resolved        'harmony',
520 silly install resolved        'ponyfill',
520 silly install resolved        'prollyfill',
520 silly install resolved        'polyfill',
520 silly install resolved        'shim',
520 silly install resolved        'browser' ],
520 silly install resolved     devDependencies: { lodash: '^3.10.1', matcha: '^0.6.0', mocha: '*', xo: '*' },
520 silly install resolved     xo: { envs: [Object] },
520 silly install resolved     gitHead: 'b0c40d37cbc43e89ad3326a9bad4c6b3133ba6d3',
520 silly install resolved     bugs: { url: 'https://github.com/sindresorhus/object-assign/issues' },
520 silly install resolved     homepage: 'https://github.com/sindresorhus/object-assign#readme',
520 silly install resolved     _id: 'object-assign@4.0.1',
520 silly install resolved     _shasum: '99504456c3598b5cad4fc59c26e8a9bb107fe0bd',
520 silly install resolved     _from: 'object-assign@>=4.0.1 <5.0.0',
520 silly install resolved     _npmVersion: '2.13.3',
520 silly install resolved     _nodeVersion: '3.0.0',
520 silly install resolved     _npmUser: { name: 'sindresorhus', email: 'sindresorhus@gmail.com' },
520 silly install resolved     dist:
520 silly install resolved      { shasum: '99504456c3598b5cad4fc59c26e8a9bb107fe0bd',
520 silly install resolved        tarball: 'http://registry.npmjs.org/object-assign/-/object-assign-4.0.1.tgz' },
520 silly install resolved     maintainers: [ [Object] ],
520 silly install resolved     directories: {},
520 silly install resolved     _resolved: 'http://registry.npmjs.org/object-assign/-/object-assign-4.0.1.tgz',
520 silly install resolved     readme: 'ERROR: No README data found!' },
520 silly install resolved   { name: 'classnames',
520 silly install resolved     version: '2.2.3',
520 silly install resolved     description: 'A simple utility for conditionally joining classNames together',
520 silly install resolved     main: 'index.js',
520 silly install resolved     author: { name: 'Jed Watson' },
520 silly install resolved     license: 'MIT',
520 silly install resolved     repository:
520 silly install resolved      { type: 'git',
520 silly install resolved        url: 'git+https://github.com/JedWatson/classnames.git' },
520 silly install resolved     scripts:
520 silly install resolved      { benchmarks: 'node ./benchmarks/run',
520 silly install resolved        unit: 'mocha tests/*.js',
520 silly install resolved        test: 'npm run unit' },
520 silly install resolved     keywords:
520 silly install resolved      [ 'react',
520 silly install resolved        'css',
520 silly install resolved        'classes',
520 silly install resolved        'classname',
520 silly install resolved        'classnames',
520 silly install resolved        'util',
520 silly install resolved        'utility' ],
520 silly install resolved     devDependencies: { benchmark: '^1.0.0', mocha: '^2.1.0' },
520 silly install resolved     gitHead: 'a6934cd623c1ea2a895575af9c83b08c8bdd3b05',
520 silly install resolved     bugs: { url: 'https://github.com/JedWatson/classnames/issues' },
520 silly install resolved     homepage: 'https://github.com/JedWatson/classnames#readme',
520 silly install resolved     _id: 'classnames@2.2.3',
520 silly install resolved     _shasum: '551b774b6762a0c0a997187f7ba4f1d603961ac5',
520 silly install resolved     _from: 'classnames@>=2.2.3 <3.0.0',
520 silly install resolved     _npmVersion: '2.14.3',
520 silly install resolved     _nodeVersion: '4.1.0',
520 silly install resolved     _npmUser: { name: 'jedwatson', email: 'jed.watson@me.com' },
520 silly install resolved     dist:
520 silly install resolved      { shasum: '551b774b6762a0c0a997187f7ba4f1d603961ac5',
520 silly install resolved        tarball: 'https://registry.npmjs.org/classnames/-/classnames-2.2.3.tgz' },
520 silly install resolved     maintainers: [ [Object] ],
520 silly install resolved     directories: {},
520 silly install resolved     _resolved: 'http://registry.npmjs.org/classnames/-/classnames-2.2.3.tgz',
520 silly install resolved     readme: 'ERROR: No README data found!' } ]
521 info install object-assign@4.0.1 into D:\Projects\ClockWise\clockwise-web\node_modules\rebass
522 info install classnames@2.2.3 into D:\Projects\ClockWise\clockwise-web\node_modules\rebass
523 info installOne object-assign@4.0.1
524 verbose installOne of object-assign to D:\Projects\ClockWise\clockwise-web\node_modules\rebass not in flight; installing
525 info installOne classnames@2.2.3
526 verbose installOne of classnames to D:\Projects\ClockWise\clockwise-web\node_modules\rebass not in flight; installing
527 verbose lock using C:\Users\Szymon\AppData\Roaming\npm-cache\_locks\object-assign-b2b648546950af6b.lock for D:\Projects\ClockWise\clockwise-web\node_modules\rebass\node_modules\object-assign
528 verbose lock using C:\Users\Szymon\AppData\Roaming\npm-cache\_locks\classnames-ca5da673c9639978.lock for D:\Projects\ClockWise\clockwise-web\node_modules\rebass\node_modules\classnames
529 silly install write writing object-assign 4.0.1 to D:\Projects\ClockWise\clockwise-web\node_modules\rebass\node_modules\object-assign
530 silly install write writing classnames 2.2.3 to D:\Projects\ClockWise\clockwise-web\node_modules\rebass\node_modules\classnames
531 verbose unbuild node_modules\rebass\node_modules\object-assign
532 verbose unbuild node_modules\rebass\node_modules\classnames
533 silly gentlyRm D:\Projects\ClockWise\clockwise-web\node_modules\rebass\node_modules\object-assign is being purged from base D:\Projects\ClockWise\clockwise-web
534 verbose gentlyRm don't care about contents; nuking D:\Projects\ClockWise\clockwise-web\node_modules\rebass\node_modules\object-assign
535 silly gentlyRm D:\Projects\ClockWise\clockwise-web\node_modules\rebass\node_modules\classnames is being purged from base D:\Projects\ClockWise\clockwise-web
536 verbose gentlyRm don't care about contents; nuking D:\Projects\ClockWise\clockwise-web\node_modules\rebass\node_modules\classnames
537 verbose tar unpack C:\Users\Szymon\AppData\Roaming\npm-cache\object-assign\4.0.1\package.tgz
538 verbose tar unpacking to D:\Projects\ClockWise\clockwise-web\node_modules\rebass\node_modules\object-assign
539 silly gentlyRm D:\Projects\ClockWise\clockwise-web\node_modules\rebass\node_modules\object-assign is being purged
540 verbose gentlyRm don't care about contents; nuking D:\Projects\ClockWise\clockwise-web\node_modules\rebass\node_modules\object-assign
541 verbose tar unpack C:\Users\Szymon\AppData\Roaming\npm-cache\classnames\2.2.3\package.tgz
542 verbose tar unpacking to D:\Projects\ClockWise\clockwise-web\node_modules\rebass\node_modules\classnames
543 silly gentlyRm D:\Projects\ClockWise\clockwise-web\node_modules\rebass\node_modules\classnames is being purged
544 verbose gentlyRm don't care about contents; nuking D:\Projects\ClockWise\clockwise-web\node_modules\rebass\node_modules\classnames
545 silly gunzTarPerm modes [ '777', '666' ]
546 silly gunzTarPerm modes [ '777', '666' ]
547 silly gunzTarPerm extractEntry package.json
548 silly gunzTarPerm modified mode [ 'package.json', 420, 438 ]
549 silly gunzTarPerm extractEntry package.json
550 silly gunzTarPerm modified mode [ 'package.json', 420, 438 ]
551 silly gunzTarPerm extractEntry index.js
552 silly gunzTarPerm modified mode [ 'index.js', 420, 438 ]
553 silly gunzTarPerm extractEntry license
554 silly gunzTarPerm modified mode [ 'license', 420, 438 ]
555 silly gunzTarPerm extractEntry README.md
556 silly gunzTarPerm modified mode [ 'README.md', 420, 438 ]
557 silly gunzTarPerm extractEntry LICENSE
558 silly gunzTarPerm modified mode [ 'LICENSE', 420, 438 ]
559 silly gunzTarPerm extractEntry readme.md
560 silly gunzTarPerm modified mode [ 'readme.md', 420, 438 ]
561 silly gunzTarPerm extractEntry bind.js
562 silly gunzTarPerm modified mode [ 'bind.js', 420, 438 ]
563 silly gunzTarPerm extractEntry dedupe.js
564 silly gunzTarPerm modified mode [ 'dedupe.js', 420, 438 ]
565 verbose write writing to D:\Projects\ClockWise\clockwise-web\node_modules\rebass\node_modules\object-assign\package.json
566 info preinstall object-assign@4.0.1
567 verbose readDependencies loading dependencies from D:\Projects\ClockWise\clockwise-web\node_modules\rebass\node_modules\object-assign\package.json
568 verbose readDependencies loading dependencies from D:\Projects\ClockWise\clockwise-web\node_modules\rebass\node_modules\object-assign\package.json
569 silly install resolved []
570 verbose about to build D:\Projects\ClockWise\clockwise-web\node_modules\rebass\node_modules\object-assign
571 info build D:\Projects\ClockWise\clockwise-web\node_modules\rebass\node_modules\object-assign
572 silly gunzTarPerm extractEntry index.js
573 silly gunzTarPerm modified mode [ 'index.js', 420, 438 ]
574 silly gunzTarPerm extractEntry CONTRIBUTING.md
575 silly gunzTarPerm modified mode [ 'CONTRIBUTING.md', 420, 438 ]
576 silly gunzTarPerm extractEntry bower.json
577 silly gunzTarPerm modified mode [ 'bower.json', 420, 438 ]
578 silly gunzTarPerm extractEntry HISTORY.md
579 silly gunzTarPerm modified mode [ 'HISTORY.md', 420, 438 ]
580 info linkStuff object-assign@4.0.1
581 silly linkStuff object-assign@4.0.1 has D:\Projects\ClockWise\clockwise-web\node_modules\rebass\node_modules as its parent node_modules
582 verbose linkBins object-assign@4.0.1
583 verbose linkMans object-assign@4.0.1
584 verbose rebuildBundles object-assign@4.0.1
585 info install object-assign@4.0.1
586 info postinstall object-assign@4.0.1
587 verbose unlock done using C:\Users\Szymon\AppData\Roaming\npm-cache\_locks\object-assign-b2b648546950af6b.lock for D:\Projects\ClockWise\clockwise-web\node_modules\rebass\node_modules\object-assign
588 verbose write writing to D:\Projects\ClockWise\clockwise-web\node_modules\rebass\node_modules\classnames\package.json
589 info preinstall classnames@2.2.3
590 verbose readDependencies loading dependencies from D:\Projects\ClockWise\clockwise-web\node_modules\rebass\node_modules\classnames\package.json
591 verbose readDependencies loading dependencies from D:\Projects\ClockWise\clockwise-web\node_modules\rebass\node_modules\classnames\package.json
592 silly install resolved []
593 verbose about to build D:\Projects\ClockWise\clockwise-web\node_modules\rebass\node_modules\classnames
594 info build D:\Projects\ClockWise\clockwise-web\node_modules\rebass\node_modules\classnames
595 info linkStuff classnames@2.2.3
596 silly linkStuff classnames@2.2.3 has D:\Projects\ClockWise\clockwise-web\node_modules\rebass\node_modules as its parent node_modules
597 verbose linkBins classnames@2.2.3
598 verbose linkMans classnames@2.2.3
599 verbose rebuildBundles classnames@2.2.3
600 info install classnames@2.2.3
601 info postinstall classnames@2.2.3
602 verbose unlock done using C:\Users\Szymon\AppData\Roaming\npm-cache\_locks\classnames-ca5da673c9639978.lock for D:\Projects\ClockWise\clockwise-web\node_modules\rebass\node_modules\classnames
603 verbose about to build D:\Projects\ClockWise\clockwise-web\node_modules\rebass
604 info build D:\Projects\ClockWise\clockwise-web\node_modules\rebass
605 info linkStuff rebass@0.2.5
606 silly linkStuff rebass@0.2.5 has D:\Projects\ClockWise\clockwise-web\node_modules as its parent node_modules
607 verbose linkBins rebass@0.2.5
608 verbose linkMans rebass@0.2.5
609 verbose rebuildBundles rebass@0.2.5
610 verbose rebuildBundles [ 'classnames', 'object-assign' ]
611 info install rebass@0.2.5
612 info postinstall rebass@0.2.5
613 verbose readDependencies loading dependencies from D:\Projects\ClockWise\clockwise-web\package.json
614 verbose targetResolver reading package data from D:\Projects\ClockWise\clockwise-web\node_modules\mantra-core\package.json
615 verbose targetResolver reading package data from D:\Projects\ClockWise\clockwise-web\node_modules\meteor-node-stubs\package.json
616 verbose targetResolver reading package data from D:\Projects\ClockWise\clockwise-web\node_modules\react\package.json
617 verbose targetResolver reading package data from D:\Projects\ClockWise\clockwise-web\node_modules\react-dom\package.json
618 verbose targetResolver reading package data from D:\Projects\ClockWise\clockwise-web\node_modules\react-mounter\package.json
619 verbose targetResolver reading package data from D:\Projects\ClockWise\clockwise-web\node_modules\rebass\package.json
620 verbose already installed skipping react@^0.14.0 D:\Projects\ClockWise\clockwise-web
621 silly install resolved []
622 verbose unlock done using C:\Users\Szymon\AppData\Roaming\npm-cache\_locks\rebass-82d2a535620a62de.lock for D:\Projects\ClockWise\clockwise-web\node_modules\rebass
623 verbose validateInstall loading D:\Projects\ClockWise\clockwise-web\package.json for validation
624 verbose stack Error: The package react does not satisfy its siblings' peerDependencies requirements!
624 verbose stack     at C:\Program Files\nodejs\node_modules\npm\lib\install.js:125:32
624 verbose stack     at C:\Program Files\nodejs\node_modules\npm\lib\install.js:267:7
624 verbose stack     at C:\Program Files\nodejs\node_modules\npm\node_modules\read-installed\read-installed.js:138:5
624 verbose stack     at C:\Program Files\nodejs\node_modules\npm\node_modules\read-installed\read-installed.js:251:14
624 verbose stack     at cb (C:\Program Files\nodejs\node_modules\npm\node_modules\slide\lib\async-map.js:47:24)
624 verbose stack     at C:\Program Files\nodejs\node_modules\npm\node_modules\read-installed\read-installed.js:251:14
624 verbose stack     at cb (C:\Program Files\nodejs\node_modules\npm\node_modules\slide\lib\async-map.js:47:24)
624 verbose stack     at C:\Program Files\nodejs\node_modules\npm\node_modules\read-installed\read-installed.js:251:14
624 verbose stack     at cb (C:\Program Files\nodejs\node_modules\npm\node_modules\slide\lib\async-map.js:47:24)
624 verbose stack     at C:\Program Files\nodejs\node_modules\npm\node_modules\read-installed\read-installed.js:251:14
625 verbose cwd D:\Projects\ClockWise\clockwise-web
626 error Windows_NT 6.2.9200
627 error argv "C:\\Program Files\\nodejs\\\\node.exe" "C:\\Program Files\\nodejs\\node_modules\\npm\\bin\\npm-cli.js" "install" "--save" "rebass"
628 error node v0.12.4
629 error npm  v2.10.1
630 error code EPEERINVALID
631 error peerinvalid The package react does not satisfy its siblings' peerDependencies requirements!
631 error peerinvalid Peer react-dom@15.0.1 wants react@^15.0.1
631 error peerinvalid Peer react-mounter@1.2.0 wants react@0.14.x || 15.x.x
631 error peerinvalid Peer rebass@0.2.5 wants react@^0.14.0
632 verbose exit [ 1, true ]
